Arguments: 
  /usr/local/bin/node /usr/local/Cellar/yarn/1.3.2/libexec/bin/yarn.js install

PATH: 
  /usr/local/bin:/usr/bin:/bin:/usr/sbin:/sbin:/opt/X11/bin

Yarn version: 
  1.3.2

Node version: 
  6.10.2

Platform: 
  darwin x64

npm manifest: 
  {
    "name": "react-infrastructure",
    "version": "1.0.0",
    "description": "react、react-router、redux-saga、webpack",
    "main": "index.js",
    "scripts": {
      "dev": "export NODE_ENV=dev && webpack-dev-server",
      "build": "export NODE_ENV=production && webpack",
      "test": "jest"
    },
    "jest": {
      "moduleFileExtensions": [
        "js",
        "jsx"
      ],
      "moduleNameMapper": {
        "\\.(jpg|jpeg|png|gif|eot|otf|webp|svg|ttf|woff|woff2|mp4|webm|wav|mp3|m4a|aac|oga)$": "<rootDir>/__mocks__/fileMock.js",
        ".*\\.(css|less|scss)$": "<rootDir>/__mocks__/styleMock.js"
      },
      "transform": {
        "^.+\\.js$": "babel-jest"
      }
    },
    "repository": {
      "type": "git",
      "url": "git+https://github.com/proto2017/react-infrastructure.git"
    },
    "author": "",
    "license": "ISC",
    "bugs": {
      "url": "https://github.com/proto2017/react-infrastructure/issues"
    },
    "homepage": "https://github.com/proto2017/react-infrastructure#readme",
    "devDependencies": {
      "autoprefixer": "^7.1.6",
      "babel-core": "^6.26.0",
      "babel-jest": "^21.2.0",
      "babel-loader": "^7.1.2",
      "babel-plugin-transform-runtime": "^6.23.0",
      "babel-preset-es2015": "^6.24.1",
      "babel-preset-react": "^6.24.1",
      "babel-preset-stage-1": "^6.24.1",
      "babel-preset-stage-2": "^6.24.1",
      "css-loader": "^0.28.7",
      "enzyme": "^3.1.1",
      "extract-text-webpack-plugin": "^3.0.2",
      "jest": "^21.2.1",
      "less": "^2.7.3",
      "less-loader": "^4.0.5",
      "postcss-loader": "^2.0.8",
      "react": "^16.0.0",
      "react-dom": "^16.0.0",
      "react-hot-loader": "^3.1.2",
      "react-redux": "^5.0.6",
      "react-router": "^4.2.0",
      "react-router-dom": "^4.2.2",
      "react-router-redux": "^4.0.8",
      "redux": "^3.7.2",
      "redux-devtools-extension": "^2.13.2",
      "redux-saga": "^0.16.0",
      "style-loader": "^0.19.0",
      "webpack": "^3.8.1",
      "webpack-dev-server": "^2.9.4"
    }
  }

yarn manifest: 
  No manifest

Lockfile: 
  No lockfile

Trace: 
  Error: ENOENT: no such file or directory, open '/www/react-infrastructure/node_modules/clap/node_modules/ansi-styles/index.js'
      at Error (native)
